<?xml version="1.0" encoding="UTF-8"?>
<!-- Generated by org.testng.reporters.JUnitXMLReporter -->
<testsuite ignored="1" hostname="DESKTOP-3BU923C" failures="1" tests="4" name="Default test(failed)" time="38.639" errors="0" timestamp="2022-07-21T11:09:16 IST">
  <testcase classname="Mylistener.ListenerTest" name="ListenerTest_2" time="9.338">
    <skipped/>
  </testcase> <!-- ListenerTest_2 -->
  <testcase classname="Mylistener.ListenerTest" name="ListenerTest_2" time="7.372">
    <skipped/>
  </testcase> <!-- ListenerTest_2 -->
  <testcase classname="Mylistener.ListenerTest" name="ListenerTest_2" time="11.34">
    <skipped/>
  </testcase> <!-- ListenerTest_2 -->
  <testcase classname="Mylistener.ListenerTest" name="ListenerTest_2" time="10.224">
    <failure type="java.lang.AssertionError" message="The following asserts failed:
	expected [https://www.google.com] but found [https://www.google.com/]">
      <![CDATA[java.lang.AssertionError: The following asserts failed:
expected [https://www.google.com] but found [https://www.google.com/]
at Mylistener.ListenerTest.ListenerTest_2(ListenerTest.java:41)
at java.base/java.util.ArrayList.forEach(ArrayList.java:1511)
... Removed 29 stack frames]]>
    </failure>
  </testcase> <!-- ListenerTest_2 -->
  <testcase classname="Mylistener.ListenerTest" name="ListenerTest_1" time="0.0">
    <ignored/>
  </testcase> <!-- ListenerTest_1 -->
</testsuite> <!-- Default test(failed) -->
