<?xml version="1.0" encoding="UTF-8"?>
<!-- Generated by org.testng.reporters.JUnitXMLReporter -->
<testsuite ignored="1" hostname="DESKTOP-3BU923C" failures="2" tests="3" name="Test" time="0.287" errors="0" timestamp="2022-07-19T13:54:22 IST">
  <testcase classname="Group_Parameter.Group2" name="configBC" time="0.223">
    <failure type="java.lang.IllegalStateException" message="The path to the driver executable The path to the driver executable must be set by the webdriver.chrome.driver system property; for more information, see https://github.com/SeleniumHQ/selenium/wiki/ChromeDriver. The latest version can be downloaded from https://chromedriver.storage.googleapis.com/index.html">
      <![CDATA[java.lang.IllegalStateException: The path to the driver executable The path to the driver executable must be set by the webdriver.chrome.driver system property; for more information, see https://github.com/SeleniumHQ/selenium/wiki/ChromeDriver. The latest version can be downloaded from https://chromedriver.storage.googleapis.com/index.html
at org.openqa.selenium.internal.Require$StateChecker.nonNull(Require.java:311)
at org.openqa.selenium.remote.service.DriverService.findExecutable(DriverService.java:135)
at org.openqa.selenium.chrome.ChromeDriverService.access$000(ChromeDriverService.java:38)
at org.openqa.selenium.chrome.ChromeDriverService$Builder.findDefaultExecutable(ChromeDriverService.java:231)
at org.openqa.selenium.remote.service.DriverService$Builder.build(DriverService.java:437)
at org.openqa.selenium.chrome.ChromeDriverService.createDefaultService(ChromeDriverService.java:127)
at org.openqa.selenium.chrome.ChromeDriver.<init>(ChromeDriver.java:48)
at Group_Parameter.Group2.configBC(Group2.java:36)
at java.base/java.util.ArrayList.forEach(ArrayList.java:1511)
... Removed 27 stack frames]]>
    </failure>
  </testcase> <!-- configBC -->
  <testcase classname="Group_Parameter.Group" name="run1" time="0.0">
    <failure type="org.testng.TestNGException" message="
Parameter &amp;apos;UserName&amp;apos; is required by @Test on method run1 but has not been marked @Optional or defined
in D:\KCSM13\SDET2\testng.xml">
      <![CDATA[org.testng.TestNGException: 
Parameter 'UserName' is required by @Test on method run1 but has not been marked @Optional or defined
in D:\KCSM13\SDET2\testng.xml
at java.base/java.util.ArrayList.forEach(ArrayList.java:1511)
... Removed 26 stack frames]]>
    </failure>
  </testcase> <!-- run1 -->
  <testcase classname="Group_Parameter.Group" name="run3" time="0.001"/>
  <testcase classname="Group_Parameter.Group" name="run2" time="0.0">
    <ignored/>
  </testcase> <!-- run2 -->
</testsuite> <!-- Test -->
